<?xml version="1.0" encoding="UTF-8" ?>
<testsuite failures="0" time="0.245" errors="1" skipped="0" tests="1" name="sns.client.GreetingServiceTest">
  <properties>
[...]
</properties>
  <testcase time="0.23" classname="sns.client.GreetingServiceTest" name="testGreetServer">
    <error message="Guice provision errors:

1) Error in custom provider, java.lang.NullPointerException
  while locating com.google.inject.persist.jpa.JpaPersistService
  while locating javax.persistence.EntityManager

1 error" type="com.google.inject.ProvisionException">com.google.inject.ProvisionException: Guice provision errors:

1) Error in custom provider, java.lang.NullPointerException
  while locating com.google.inject.persist.jpa.JpaPersistService
  while locating javax.persistence.EntityManager

1 error
	at com.google.inject.internal.InjectorImpl$4.get(InjectorImpl.java:987)
	at com.google.inject.internal.InjectorImpl.getInstance(InjectorImpl.java:1013)
	at sns.client.GreetingServiceTest.startTx(GreetingServiceTest.java:61)
	at sns.client.GreetingServiceTest.setUp(GreetingServiceTest.java:34)
	at sun.reflect.NativeMethodAccessorImpl.invoke0(Native Method)
	at sun.reflect.NativeMethodAccessorImpl.invoke(NativeMethodAccessorImpl.java:39)
	at sun.reflect.DelegatingMethodAccessorImpl.invoke(DelegatingMethodAccessorImpl.java:25)
	at java.lang.reflect.Method.invoke(Method.java:597)
	at org.junit.runners.model.FrameworkMethod$1.runReflectiveCall(FrameworkMethod.java:44)
	at org.junit.internal.runners.model.ReflectiveCallable.run(ReflectiveCallable.java:15)
	at org.junit.runners.model.FrameworkMethod.invokeExplosively(FrameworkMethod.java:41)
	at org.junit.internal.runners.statements.RunBefores.evaluate(RunBefores.java:27)
	at org.junit.internal.runners.statements.RunAfters.evaluate(RunAfters.java:31)
	at org.junit.runners.BlockJUnit4ClassRunner.runChild(BlockJUnit4ClassRunner.java:76)
	at org.junit.runners.BlockJUnit4ClassRunner.runChild(BlockJUnit4ClassRunner.java:50)
	at org.junit.runners.ParentRunner$3.run(ParentRunner.java:193)
	at org.junit.runners.ParentRunner$1.schedule(ParentRunner.java:52)
	at org.junit.runners.ParentRunner.runChildren(ParentRunner.java:191)
	at org.junit.runners.ParentRunner.access$000(ParentRunner.java:42)
	at org.junit.runners.ParentRunner$2.evaluate(ParentRunner.java:184)
	at org.junit.runners.ParentRunner.run(ParentRunner.java:236)
	at org.apache.maven.surefire.junit4.JUnit4TestSet.execute(JUnit4TestSet.java:62)
	at org.apache.maven.surefire.suite.AbstractDirectoryTestSuite.executeTestSet(AbstractDirectoryTestSuite.java:140)
	at org.apache.maven.surefire.suite.AbstractDirectoryTestSuite.execute(AbstractDirectoryTestSuite.java:127)
	at org.apache.maven.surefire.Surefire.run(Surefire.java:177)
	at sun.reflect.NativeMethodAccessorImpl.invoke0(Native Method)
	at sun.reflect.NativeMethodAccessorImpl.invoke(NativeMethodAccessorImpl.java:39)
	at sun.reflect.DelegatingMethodAccessorImpl.invoke(DelegatingMethodAccessorImpl.java:25)
	at java.lang.reflect.Method.invoke(Method.java:597)
	at org.apache.maven.surefire.booter.SurefireBooter.runSuitesInProcess(SurefireBooter.java:345)
	at org.apache.maven.surefire.booter.SurefireBooter.main(SurefireBooter.java:1009)
Caused by: java.lang.NullPointerException
	at com.google.inject.persist.jpa.JpaPersistService.begin(JpaPersistService.java:70)
	at com.google.inject.persist.jpa.JpaPersistService.get(JpaPersistService.java:50)
	at com.google.inject.persist.jpa.JpaPersistService.get(JpaPersistService.java:34)
	at com.google.inject.internal.BoundProviderFactory.get(BoundProviderFactory.java:55)
	at com.google.inject.internal.InjectorImpl$4$1.call(InjectorImpl.java:978)
	at com.google.inject.internal.InjectorImpl.callInContext(InjectorImpl.java:1024)
	at com.google.inject.internal.InjectorImpl$4.get(InjectorImpl.java:974)
	... 30 more
</error>
  </testcase>
</testsuite>